<?xml version="1.0" encoding="UTF-8"?>
<!-- Generated by org.testng.reporters.JUnitReportReporter -->
<testsuite skipped="0" hostname="Desktop" name="com.atg.hast.testautomation.testcases.HastV4TestCase1" tests="2" failures="0" timestamp="2021-08-13T19:53:17 CEST" time="0.592" errors="0">
  <testcase name="urlLoadTest" time="0.051" classname="com.atg.hast.testautomation.testcases.HastV4TestCase1"/>
  <system-out/>
  <testcase name="acceptCookiesTest" time="0.541" classname="com.atg.hast.testautomation.testcases.HastV4TestCase1"/>
  <system-out/>
</testsuite> <!-- com.atg.hast.testautomation.testcases.HastV4TestCase1 -->
